Processing ./KNN_CUDA-0.2-py3-none-any.whl
Requirement already satisfied: numpy in /home/lianghao/miniconda3/envs/HGGNet/lib/python3.7/site-packages (from KNN-CUDA==0.2) (1.21.6)
Collecting scikit-learn (from KNN-CUDA==0.2)
  Using cached scikit_learn-1.0.2-cp37-cp37m-manylinux_2_17_x86_64.manylinux2014_x86_64.whl.metadata (10 kB)
Requirement already satisfied: torch>=1.1.0 in /home/lianghao/miniconda3/envs/HGGNet/lib/python3.7/site-packages (from KNN-CUDA==0.2) (1.8.1)
Requirement already satisfied: typing_extensions in /home/lianghao/miniconda3/envs/HGGNet/lib/python3.7/site-packages (from torch>=1.1.0->KNN-CUDA==0.2) (4.7.1)
Requirement already satisfied: scipy>=1.1.0 in /home/lianghao/miniconda3/envs/HGGNet/lib/python3.7/site-packages (from scikit-learn->KNN-CUDA==0.2) (1.7.3)
Collecting joblib>=0.11 (from scikit-learn->KNN-CUDA==0.2)
  Using cached joblib-1.3.2-py3-none-any.whl.metadata (5.4 kB)
Collecting threadpoolctl>=2.0.0 (from scikit-learn->KNN-CUDA==0.2)
  Using cached threadpoolctl-3.1.0-py3-none-any.whl.metadata (9.2 kB)
Downloading scikit_learn-1.0.2-cp37-cp37m-manylinux_2_17_x86_64.manylinux2014_x86_64.whl (24.8 MB)
   ╸                                        0.5/24.8 MB 30.8 kB/s eta 0:13:12
ERROR: Operation cancelled by user
Processing ./KNN_CUDA-0.2-py3-none-any.whl
Requirement already satisfied: numpy in /home/lianghao/miniconda3/envs/HGGNet/lib/python3.7/site-packages (from KNN-CUDA==0.2) (1.21.6)
Collecting scikit-learn (from KNN-CUDA==0.2)
  Using cached scikit_learn-1.0.2-cp37-cp37m-manylinux_2_17_x86_64.manylinux2014_x86_64.whl.metadata (10 kB)
Requirement already satisfied: torch>=1.1.0 in /home/lianghao/miniconda3/envs/HGGNet/lib/python3.7/site-packages (from KNN-CUDA==0.2) (1.8.1)
Requirement already satisfied: typing_extensions in /home/lianghao/miniconda3/envs/HGGNet/lib/python3.7/site-packages (from torch>=1.1.0->KNN-CUDA==0.2) (4.7.1)
Requirement already satisfied: scipy>=1.1.0 in /home/lianghao/miniconda3/envs/HGGNet/lib/python3.7/site-packages (from scikit-learn->KNN-CUDA==0.2) (1.7.3)
Collecting joblib>=0.11 (from scikit-learn->KNN-CUDA==0.2)
  Using cached joblib-1.3.2-py3-none-any.whl.metadata (5.4 kB)
Collecting threadpoolctl>=2.0.0 (from scikit-learn->KNN-CUDA==0.2)
  Using cached threadpoolctl-3.1.0-py3-none-any.whl.metadata (9.2 kB)
Downloading scikit_learn-1.0.2-cp37-cp37m-manylinux_2_17_x86_64.manylinux2014_x86_64.whl (24.8 MB)
   ━━━━━━━━━━━━━━━━━━━━━━━━━━━━━━━━━━━━━━━━ 24.8/24.8 MB 12.0 kB/s eta 0:00:00
Downloading joblib-1.3.2-py3-none-any.whl (302 kB)
   ━━━━━━━━━━━━━━━━━━━━━━━━━━━━━━━━━━━━━━━━ 302.2/302.2 kB 18.2 kB/s eta 0:00:00
Downloading threadpoolctl-3.1.0-py3-none-any.whl (14 kB)
Installing collected packages: threadpoolctl, joblib, scikit-learn, KNN-CUDA
Successfully installed KNN-CUDA-0.2 joblib-1.3.2 scikit-learn-1.0.2 threadpoolctl-3.1.0
